0 verbose cli C:\Program Files\nodejs\node.exe C:\Program Files\nodejs\node_modules\npm\bin\npm-cli.js
1 info using npm@10.9.4
2 info using node@v22.21.1
3 silly config load:file:C:\Program Files\nodejs\node_modules\npm\npmrc
4 silly config load:file:E:\Meduverse\Meduverse\Meduverse\.npmrc
5 silly config load:file:C:\Users\Sujal\.npmrc
6 silly config load:file:E:\Meduverse\Meduverse\Meduverse\%APPDATA%\npm\etc\npmrc
7 verbose title npm install
8 verbose argv "install"
9 verbose logfile logs-max:10 dir:E:\Meduverse\Meduverse\Meduverse\%APPDATA%\npm-cache\_logs\2025-11-29T09_06_06_645Z-
10 verbose logfile E:\Meduverse\Meduverse\Meduverse\%APPDATA%\npm-cache\_logs\2025-11-29T09_06_06_645Z-debug-0.log
11 silly logfile start cleaning logs, removing 1 files
12 silly packumentCache heap:4345298944 maxSize:1086324736 maxEntrySize:543162368
13 silly logfile done cleaning log files
14 silly idealTree buildDeps
15 verbose shrinkwrap failed to load node_modules/.package-lock.json out of date, updated: node_modules
16 silly reify moves {}
17 silly audit bulk request {
17 silly audit   '@alloc/quick-lru': [ '5.2.0' ],
17 silly audit   '@babel/code-frame': [ '7.27.1' ],
17 silly audit   '@babel/compat-data': [ '7.28.5' ],
17 silly audit   '@babel/core': [ '7.28.5' ],
17 silly audit   '@babel/generator': [ '7.28.5' ],
17 silly audit   '@babel/helper-compilation-targets': [ '7.27.2' ],
17 silly audit   '@babel/helper-globals': [ '7.28.0' ],
17 silly audit   '@babel/helper-module-imports': [ '7.27.1' ],
17 silly audit   '@babel/helper-module-transforms': [ '7.28.3' ],
17 silly audit   '@babel/helper-plugin-utils': [ '7.27.1' ],
17 silly audit   '@babel/helper-string-parser': [ '7.27.1' ],
17 silly audit   '@babel/helper-validator-identifier': [ '7.28.5' ],
17 silly audit   '@babel/helper-validator-option': [ '7.27.1' ],
17 silly audit   '@babel/helpers': [ '7.28.4' ],
17 silly audit   '@babel/parser': [ '7.28.5' ],
17 silly audit   '@babel/plugin-transform-react-jsx-self': [ '7.27.1' ],
17 silly audit   '@babel/plugin-transform-react-jsx-source': [ '7.27.1' ],
17 silly audit   '@babel/template': [ '7.27.2' ],
17 silly audit   '@babel/traverse': [ '7.28.5' ],
17 silly audit   '@babel/types': [ '7.28.5' ],
17 silly audit   '@emotion/is-prop-valid': [ '0.8.8' ],
17 silly audit   '@emotion/memoize': [ '0.7.4' ],
17 silly audit   '@esbuild/aix-ppc64': [ '0.25.12' ],
17 silly audit   '@esbuild/android-arm': [ '0.25.12' ],
17 silly audit   '@esbuild/android-arm64': [ '0.25.12' ],
17 silly audit   '@esbuild/android-x64': [ '0.25.12' ],
17 silly audit   '@esbuild/darwin-arm64': [ '0.25.12' ],
17 silly audit   '@esbuild/darwin-x64': [ '0.25.12' ],
17 silly audit   '@esbuild/freebsd-arm64': [ '0.25.12' ],
17 silly audit   '@esbuild/freebsd-x64': [ '0.25.12' ],
17 silly audit   '@esbuild/linux-arm': [ '0.25.12' ],
17 silly audit   '@esbuild/linux-arm64': [ '0.25.12' ],
17 silly audit   '@esbuild/linux-ia32': [ '0.25.12' ],
17 silly audit   '@esbuild/linux-loong64': [ '0.25.12' ],
17 silly audit   '@esbuild/linux-mips64el': [ '0.25.12' ],
17 silly audit   '@esbuild/linux-ppc64': [ '0.25.12' ],
17 silly audit   '@esbuild/linux-riscv64': [ '0.25.12' ],
17 silly audit   '@esbuild/linux-s390x': [ '0.25.12' ],
17 silly audit   '@esbuild/linux-x64': [ '0.25.12' ],
17 silly audit   '@esbuild/netbsd-arm64': [ '0.25.12' ],
17 silly audit   '@esbuild/netbsd-x64': [ '0.25.12' ],
17 silly audit   '@esbuild/openbsd-arm64': [ '0.25.12' ],
17 silly audit   '@esbuild/openbsd-x64': [ '0.25.12' ],
17 silly audit   '@esbuild/openharmony-arm64': [ '0.25.12' ],
17 silly audit   '@esbuild/sunos-x64': [ '0.25.12' ],
17 silly audit   '@esbuild/win32-arm64': [ '0.25.12' ],
17 silly audit   '@esbuild/win32-ia32': [ '0.25.12' ],
17 silly audit   '@esbuild/win32-x64': [ '0.25.12' ],
17 silly audit   '@isaacs/cliui': [ '8.0.2' ],
17 silly audit   '@jridgewell/gen-mapping': [ '0.3.13' ],
17 silly audit   '@jridgewell/remapping': [ '2.3.5' ],
17 silly audit   '@jridgewell/resolve-uri': [ '3.1.2' ],
17 silly audit   '@jridgewell/sourcemap-codec': [ '1.5.5' ],
17 silly audit   '@jridgewell/trace-mapping': [ '0.3.31' ],
17 silly audit   '@nodelib/fs.scandir': [ '2.1.5' ],
17 silly audit   '@nodelib/fs.stat': [ '2.0.5' ],
17 silly audit   '@nodelib/fs.walk': [ '1.2.8' ],
17 silly audit   '@pkgjs/parseargs': [ '0.11.0' ],
17 silly audit   '@radix-ui/react-compose-refs': [ '1.1.2' ],
17 silly audit   '@radix-ui/react-slot': [ '1.2.4' ],
17 silly audit   '@reduxjs/toolkit': [ '2.10.1' ],
17 silly audit   '@remix-run/router': [ '1.23.1' ],
17 silly audit   '@rolldown/pluginutils': [ '1.0.0-beta.27' ],
17 silly audit   '@rollup/rollup-android-arm-eabi': [ '4.53.2' ],
17 silly audit   '@rollup/rollup-android-arm64': [ '4.53.2' ],
17 silly audit   '@rollup/rollup-darwin-arm64': [ '4.53.2' ],
17 silly audit   '@rollup/rollup-darwin-x64': [ '4.53.2' ],
17 silly audit   '@rollup/rollup-freebsd-arm64': [ '4.53.2' ],
17 silly audit   '@rollup/rollup-freebsd-x64': [ '4.53.2' ],
17 silly audit   '@rollup/rollup-linux-arm-gnueabihf': [ '4.53.2' ],
17 silly audit   '@rollup/rollup-linux-arm-musleabihf': [ '4.53.2' ],
17 silly audit   '@rollup/rollup-linux-arm64-gnu': [ '4.53.2' ],
17 silly audit   '@rollup/rollup-linux-arm64-musl': [ '4.53.2' ],
17 silly audit   '@rollup/rollup-linux-loong64-gnu': [ '4.53.2' ],
17 silly audit   '@rollup/rollup-linux-ppc64-gnu': [ '4.53.2' ],
17 silly audit   '@rollup/rollup-linux-riscv64-gnu': [ '4.53.2' ],
17 silly audit   '@rollup/rollup-linux-riscv64-musl': [ '4.53.2' ],
17 silly audit   '@rollup/rollup-linux-s390x-gnu': [ '4.53.2' ],
17 silly audit   '@rollup/rollup-linux-x64-gnu': [ '4.53.2' ],
17 silly audit   '@rollup/rollup-linux-x64-musl': [ '4.53.2' ],
17 silly audit   '@rollup/rollup-openharmony-arm64': [ '4.53.2' ],
17 silly audit   '@rollup/rollup-win32-arm64-msvc': [ '4.53.2' ],
17 silly audit   '@rollup/rollup-win32-ia32-msvc': [ '4.53.2' ],
17 silly audit   '@rollup/rollup-win32-x64-gnu': [ '4.53.2' ],
17 silly audit   '@rollup/rollup-win32-x64-msvc': [ '4.53.2' ],
17 silly audit   '@standard-schema/spec': [ '1.0.0' ],
17 silly audit   '@standard-schema/utils': [ '0.3.0' ],
17 silly audit   '@tanstack/query-core': [ '4.41.0' ],
17 silly audit   '@tanstack/react-query': [ '4.42.0' ],
17 silly audit   '@types/babel__core': [ '7.20.5' ],
17 silly audit   '@types/babel__generator': [ '7.27.0' ],
17 silly audit   '@types/babel__template': [ '7.4.4' ],
17 silly audit   '@types/babel__traverse': [ '7.28.0' ],
17 silly audit   '@types/d3-array': [ '3.2.2' ],
17 silly audit   '@types/d3-color': [ '3.1.3' ],
17 silly audit   '@types/d3-ease': [ '3.0.2' ],
17 silly audit   '@types/d3-interpolate': [ '3.0.4' ],
17 silly audit   '@types/d3-path': [ '3.1.1' ],
17 silly audit   '@types/d3-scale': [ '4.0.9' ],
17 silly audit   '@types/d3-shape': [ '3.1.7' ],
17 silly audit   '@types/d3-time': [ '3.0.4' ],
17 silly audit   '@types/d3-timer': [ '3.0.2' ],
17 silly audit   '@types/estree': [ '1.0.8' ],
17 silly audit   '@types/use-sync-external-store': [ '0.0.6' ],
17 silly audit   '@vitejs/plugin-react': [ '4.7.0' ],
17 silly audit   'ansi-regex': [ '6.2.2', '5.0.1' ],
17 silly audit   'ansi-styles': [ '6.2.3', '4.3.0' ],
17 silly audit   'any-promise': [ '1.3.0' ],
17 silly audit   anymatch: [ '3.1.3' ],
17 silly audit   arg: [ '5.0.2' ],
17 silly audit   autoprefixer: [ '10.4.22' ],
17 silly audit   'balanced-match': [ '1.0.2' ],
17 silly audit   'baseline-browser-mapping': [ '2.8.29' ],
17 silly audit   'binary-extensions': [ '2.3.0' ],
17 silly audit   'brace-expansion': [ '2.0.2' ],
17 silly audit   braces: [ '3.0.3' ],
17 silly audit   browserslist: [ '4.28.0' ],
17 silly audit   'camelcase-css': [ '2.0.1' ],
17 silly audit   'caniuse-lite': [ '1.0.30001755' ],
17 silly audit   chokidar: [ '3.6.0' ],
17 silly audit   'glob-parent': [ '5.1.2', '6.0.2' ],
17 silly audit   'class-variance-authority': [ '0.7.1' ],
17 silly audit   clsx: [ '2.1.1' ],
17 silly audit   'color-convert': [ '2.0.1' ],
17 silly audit   'color-name': [ '1.1.4' ],
17 silly audit   commander: [ '4.1.1' ],
17 silly audit   'convert-source-map': [ '2.0.0' ],
17 silly audit   'cross-spawn': [ '7.0.6' ],
17 silly audit   cssesc: [ '3.0.0' ],
17 silly audit   'd3-array': [ '3.2.4' ],
17 silly audit   'd3-color': [ '3.1.0' ],
17 silly audit   'd3-ease': [ '3.0.1' ],
17 silly audit   'd3-format': [ '3.1.0' ],
17 silly audit   'd3-interpolate': [ '3.0.1' ],
17 silly audit   'd3-path': [ '3.1.0' ],
17 silly audit   'd3-scale': [ '4.0.2' ],
17 silly audit   'd3-shape': [ '3.2.0' ],
17 silly audit   'd3-time': [ '3.1.0' ],
17 silly audit   'd3-time-format': [ '4.1.0' ],
17 silly audit   'd3-timer': [ '3.0.1' ],
17 silly audit   'date-fns': [ '4.1.0' ],
17 silly audit   debug: [ '4.4.3' ],
17 silly audit   'decimal.js-light': [ '2.5.1' ],
17 silly audit   didyoumean: [ '1.2.2' ],
17 silly audit   dlv: [ '1.1.3' ],
17 silly audit   eastasianwidth: [ '0.2.0' ],
17 silly audit   'electron-to-chromium': [ '1.5.255' ],
17 silly audit   'emoji-regex': [ '9.2.2', '8.0.0' ],
17 silly audit   'es-toolkit': [ '1.42.0' ],
17 silly audit   esbuild: [ '0.25.12' ],
17 silly audit   escalade: [ '3.2.0' ],
17 silly audit   eventemitter3: [ '5.0.1' ],
17 silly audit   'fast-glob': [ '3.3.3' ],
17 silly audit   fastq: [ '1.19.1' ],
17 silly audit   'fill-range': [ '7.1.1' ],
17 silly audit   'foreground-child': [ '3.3.1' ],
17 silly audit   'fraction.js': [ '5.3.4' ],
17 silly audit   'framer-motion': [ '10.18.0' ],
17 silly audit   fsevents: [ '2.3.3' ],
17 silly audit   'function-bind': [ '1.1.2' ],
17 silly audit   gensync: [ '1.0.0-beta.2' ],
17 silly audit   glob: [ '10.5.0' ],
17 silly audit   hasown: [ '2.0.2' ],
17 silly audit   immer: [ '10.2.0' ],
17 silly audit   internmap: [ '2.0.3' ],
17 silly audit   'is-binary-path': [ '2.1.0' ],
17 silly audit   'is-core-module': [ '2.16.1' ],
17 silly audit   'is-extglob': [ '2.1.1' ],
17 silly audit   'is-fullwidth-code-point': [ '3.0.0' ],
17 silly audit   'is-glob': [ '4.0.3' ],
17 silly audit   'is-number': [ '7.0.0' ],
17 silly audit   isexe: [ '2.0.0' ],
17 silly audit   jackspeak: [ '3.4.3' ],
17 silly audit   jiti: [ '1.21.7' ],
17 silly audit   'js-tokens': [ '4.0.0' ],
17 silly audit   jsesc: [ '3.1.0' ],
17 silly audit   json5: [ '2.2.3' ],
17 silly audit   lilconfig: [ '3.1.3' ],
17 silly audit   'lines-and-columns': [ '1.2.4' ],
17 silly audit   'loose-envify': [ '1.4.0' ],
17 silly audit   'lru-cache': [ '5.1.1', '10.4.3' ],
17 silly audit   'lucide-react': [ '0.263.1' ],
17 silly audit   merge2: [ '1.4.1' ],
17 silly audit   micromatch: [ '4.0.8' ],
17 silly audit   minimatch: [ '9.0.5' ],
17 silly audit   minipass: [ '7.1.2' ],
17 silly audit   ms: [ '2.1.3' ],
17 silly audit   mz: [ '2.7.0' ],
17 silly audit   nanoid: [ '3.3.11' ],
17 silly audit   'node-releases': [ '2.0.27' ],
17 silly audit   'normalize-path': [ '3.0.0' ],
17 silly audit   'normalize-range': [ '0.1.2' ],
17 silly audit   'object-assign': [ '4.1.1' ],
17 silly audit   'object-hash': [ '3.0.0' ],
17 silly audit   'package-json-from-dist': [ '1.0.1' ],
17 silly audit   'path-key': [ '3.1.1' ],
17 silly audit   'path-parse': [ '1.0.7' ],
17 silly audit   'path-scurry': [ '1.11.1' ],
17 silly audit   picocolors: [ '1.1.1' ],
17 silly audit   picomatch: [ '2.3.1', '4.0.3' ],
17 silly audit   pify: [ '2.3.0' ],
17 silly audit   pirates: [ '4.0.7' ],
17 silly audit   postcss: [ '8.5.6' ],
17 silly audit   'postcss-import': [ '15.1.0' ],
17 silly audit   'postcss-js': [ '4.1.0' ],
17 silly audit   'postcss-load-config': [ '6.0.1' ],
17 silly audit   'postcss-nested': [ '6.2.0' ],
17 silly audit   'postcss-selector-parser': [ '6.1.2' ],
17 silly audit   'postcss-value-parser': [ '4.2.0' ],
17 silly audit   'queue-microtask': [ '1.2.3' ],
17 silly audit   react: [ '18.3.1' ],
17 silly audit   'react-dom': [ '18.3.1' ],
17 silly audit   'react-is': [ '19.2.0' ],
17 silly audit   'react-redux': [ '9.2.0' ],
17 silly audit   'react-refresh': [ '0.17.0' ],
17 silly audit   'react-router': [ '6.30.2' ],
17 silly audit   'react-router-dom': [ '6.30.2' ],
17 silly audit   'read-cache': [ '1.0.0' ],
17 silly audit   readdirp: [ '3.6.0' ],
17 silly audit   recharts: [ '3.4.1' ],
17 silly audit   redux: [ '5.0.1' ],
17 silly audit   'redux-thunk': [ '3.1.0' ],
17 silly audit   reselect: [ '5.1.1' ],
17 silly audit   resolve: [ '1.22.11' ],
17 silly audit   reusify: [ '1.1.0' ],
17 silly audit   rollup: [ '4.53.2' ],
17 silly audit   'run-parallel': [ '1.2.0' ],
17 silly audit   scheduler: [ '0.23.2' ],
17 silly audit   semver: [ '6.3.1' ],
17 silly audit   'shebang-command': [ '2.0.0' ],
17 silly audit   'shebang-regex': [ '3.0.0' ],
17 silly audit   'signal-exit': [ '4.1.0' ],
17 silly audit   'source-map-js': [ '1.2.1' ],
17 silly audit   'string-width': [ '5.1.2', '4.2.3' ],
17 silly audit   'strip-ansi': [ '6.0.1', '7.1.2' ],
17 silly audit   sucrase: [ '3.35.0' ],
17 silly audit   'supports-preserve-symlinks-flag': [ '1.0.0' ],
17 silly audit   'tailwind-merge': [ '1.14.0' ],
17 silly audit   tailwindcss: [ '3.4.18' ],
17 silly audit   thenify: [ '3.3.1' ],
17 silly audit   'thenify-all': [ '1.6.0' ],
17 silly audit   'tiny-invariant': [ '1.3.3' ],
17 silly audit   tinyglobby: [ '0.2.15' ],
17 silly audit   fdir: [ '6.5.0' ],
17 silly audit   'to-regex-range': [ '5.0.1' ],
17 silly audit   'ts-interface-checker': [ '0.1.13' ],
17 silly audit   tslib: [ '2.8.1' ],
17 silly audit   'update-browserslist-db': [ '1.1.4' ],
17 silly audit   'use-sync-external-store': [ '1.6.0' ],
17 silly audit   'util-deprecate': [ '1.0.2' ],
17 silly audit   'victory-vendor': [ '37.3.6' ],
17 silly audit   vite: [ '7.2.2' ],
17 silly audit   which: [ '2.0.2' ],
17 silly audit   'wrap-ansi': [ '8.1.0', '7.0.0' ],
17 silly audit   yallist: [ '3.1.1' ]
17 silly audit }
18 verbose reify failed optional dependency E:\Meduverse\Meduverse\Meduverse\node_modules\fsevents
19 silly reify mark deleted [ 'E:\\Meduverse\\Meduverse\\Meduverse\\node_modules\\fsevents' ]
20 verbose reify failed optional dependency E:\Meduverse\Meduverse\Meduverse\node_modules\@rollup\rollup-win32-ia32-msvc
21 silly reify mark deleted [
21 silly reify   'E:\\Meduverse\\Meduverse\\Meduverse\\node_modules\\@rollup\\rollup-win32-ia32-msvc'
21 silly reify ]
22 verbose reify failed optional dependency E:\Meduverse\Meduverse\Meduverse\node_modules\@rollup\rollup-win32-arm64-msvc
23 silly reify mark deleted [
23 silly reify   'E:\\Meduverse\\Meduverse\\Meduverse\\node_modules\\@rollup\\rollup-win32-arm64-msvc'
23 silly reify ]
24 verbose reify failed optional dependency E:\Meduverse\Meduverse\Meduverse\node_modules\@rollup\rollup-openharmony-arm64
25 silly reify mark deleted [
25 silly reify   'E:\\Meduverse\\Meduverse\\Meduverse\\node_modules\\@rollup\\rollup-openharmony-arm64'
25 silly reify ]
26 verbose reify failed optional dependency E:\Meduverse\Meduverse\Meduverse\node_modules\@rollup\rollup-linux-x64-musl
27 silly reify mark deleted [
27 silly reify   'E:\\Meduverse\\Meduverse\\Meduverse\\node_modules\\@rollup\\rollup-linux-x64-musl'
27 silly reify ]
28 verbose reify failed optional dependency E:\Meduverse\Meduverse\Meduverse\node_modules\@rollup\rollup-linux-x64-gnu
29 silly reify mark deleted [
29 silly reify   'E:\\Meduverse\\Meduverse\\Meduverse\\node_modules\\@rollup\\rollup-linux-x64-gnu'
29 silly reify ]
30 verbose reify failed optional dependency E:\Meduverse\Meduverse\Meduverse\node_modules\@rollup\rollup-linux-s390x-gnu
31 silly reify mark deleted [
31 silly reify   'E:\\Meduverse\\Meduverse\\Meduverse\\node_modules\\@rollup\\rollup-linux-s390x-gnu'
31 silly reify ]
32 verbose reify failed optional dependency E:\Meduverse\Meduverse\Meduverse\node_modules\@rollup\rollup-linux-riscv64-musl
33 silly reify mark deleted [
33 silly reify   'E:\\Meduverse\\Meduverse\\Meduverse\\node_modules\\@rollup\\rollup-linux-riscv64-musl'
33 silly reify ]
34 verbose reify failed optional dependency E:\Meduverse\Meduverse\Meduverse\node_modules\@rollup\rollup-linux-riscv64-gnu
35 silly reify mark deleted [
35 silly reify   'E:\\Meduverse\\Meduverse\\Meduverse\\node_modules\\@rollup\\rollup-linux-riscv64-gnu'
35 silly reify ]
36 verbose reify failed optional dependency E:\Meduverse\Meduverse\Meduverse\node_modules\@rollup\rollup-linux-ppc64-gnu
37 silly reify mark deleted [
37 silly reify   'E:\\Meduverse\\Meduverse\\Meduverse\\node_modules\\@rollup\\rollup-linux-ppc64-gnu'
37 silly reify ]
38 verbose reify failed optional dependency E:\Meduverse\Meduverse\Meduverse\node_modules\@rollup\rollup-linux-loong64-gnu
39 silly reify mark deleted [
39 silly reify   'E:\\Meduverse\\Meduverse\\Meduverse\\node_modules\\@rollup\\rollup-linux-loong64-gnu'
39 silly reify ]
40 verbose reify failed optional dependency E:\Meduverse\Meduverse\Meduverse\node_modules\@rollup\rollup-linux-arm64-musl
41 silly reify mark deleted [
41 silly reify   'E:\\Meduverse\\Meduverse\\Meduverse\\node_modules\\@rollup\\rollup-linux-arm64-musl'
41 silly reify ]
42 verbose reify failed optional dependency E:\Meduverse\Meduverse\Meduverse\node_modules\@rollup\rollup-linux-arm64-gnu
43 silly reify mark deleted [
43 silly reify   'E:\\Meduverse\\Meduverse\\Meduverse\\node_modules\\@rollup\\rollup-linux-arm64-gnu'
43 silly reify ]
44 verbose reify failed optional dependency E:\Meduverse\Meduverse\Meduverse\node_modules\@rollup\rollup-linux-arm-musleabihf
45 silly reify mark deleted [
45 silly reify   'E:\\Meduverse\\Meduverse\\Meduverse\\node_modules\\@rollup\\rollup-linux-arm-musleabihf'
45 silly reify ]
46 verbose reify failed optional dependency E:\Meduverse\Meduverse\Meduverse\node_modules\@rollup\rollup-linux-arm-gnueabihf
47 silly reify mark deleted [
47 silly reify   'E:\\Meduverse\\Meduverse\\Meduverse\\node_modules\\@rollup\\rollup-linux-arm-gnueabihf'
47 silly reify ]
48 verbose reify failed optional dependency E:\Meduverse\Meduverse\Meduverse\node_modules\@rollup\rollup-freebsd-x64
49 silly reify mark deleted [
49 silly reify   'E:\\Meduverse\\Meduverse\\Meduverse\\node_modules\\@rollup\\rollup-freebsd-x64'
49 silly reify ]
50 verbose reify failed optional dependency E:\Meduverse\Meduverse\Meduverse\node_modules\@rollup\rollup-freebsd-arm64
51 silly reify mark deleted [
51 silly reify   'E:\\Meduverse\\Meduverse\\Meduverse\\node_modules\\@rollup\\rollup-freebsd-arm64'
51 silly reify ]
52 verbose reify failed optional dependency E:\Meduverse\Meduverse\Meduverse\node_modules\@rollup\rollup-darwin-x64
53 silly reify mark deleted [
53 silly reify   'E:\\Meduverse\\Meduverse\\Meduverse\\node_modules\\@rollup\\rollup-darwin-x64'
53 silly reify ]
54 verbose reify failed optional dependency E:\Meduverse\Meduverse\Meduverse\node_modules\@rollup\rollup-darwin-arm64
55 silly reify mark deleted [
55 silly reify   'E:\\Meduverse\\Meduverse\\Meduverse\\node_modules\\@rollup\\rollup-darwin-arm64'
55 silly reify ]
56 verbose reify failed optional dependency E:\Meduverse\Meduverse\Meduverse\node_modules\@rollup\rollup-android-arm64
57 silly reify mark deleted [
57 silly reify   'E:\\Meduverse\\Meduverse\\Meduverse\\node_modules\\@rollup\\rollup-android-arm64'
57 silly reify ]
58 verbose reify failed optional dependency E:\Meduverse\Meduverse\Meduverse\node_modules\@rollup\rollup-android-arm-eabi
59 silly reify mark deleted [
59 silly reify   'E:\\Meduverse\\Meduverse\\Meduverse\\node_modules\\@rollup\\rollup-android-arm-eabi'
59 silly reify ]
60 verbose reify failed optional dependency E:\Meduverse\Meduverse\Meduverse\node_modules\@esbuild\win32-ia32
61 silly reify mark deleted [
61 silly reify   'E:\\Meduverse\\Meduverse\\Meduverse\\node_modules\\@esbuild\\win32-ia32'
61 silly reify ]
62 verbose reify failed optional dependency E:\Meduverse\Meduverse\Meduverse\node_modules\@esbuild\win32-arm64
63 silly reify mark deleted [
63 silly reify   'E:\\Meduverse\\Meduverse\\Meduverse\\node_modules\\@esbuild\\win32-arm64'
63 silly reify ]
64 verbose reify failed optional dependency E:\Meduverse\Meduverse\Meduverse\node_modules\@esbuild\sunos-x64
65 silly reify mark deleted [
65 silly reify   'E:\\Meduverse\\Meduverse\\Meduverse\\node_modules\\@esbuild\\sunos-x64'
65 silly reify ]
66 verbose reify failed optional dependency E:\Meduverse\Meduverse\Meduverse\node_modules\@esbuild\openharmony-arm64
67 silly reify mark deleted [
67 silly reify   'E:\\Meduverse\\Meduverse\\Meduverse\\node_modules\\@esbuild\\openharmony-arm64'
67 silly reify ]
68 verbose reify failed optional dependency E:\Meduverse\Meduverse\Meduverse\node_modules\@esbuild\openbsd-x64
69 silly reify mark deleted [
69 silly reify   'E:\\Meduverse\\Meduverse\\Meduverse\\node_modules\\@esbuild\\openbsd-x64'
69 silly reify ]
70 verbose reify failed optional dependency E:\Meduverse\Meduverse\Meduverse\node_modules\@esbuild\openbsd-arm64
71 silly reify mark deleted [
71 silly reify   'E:\\Meduverse\\Meduverse\\Meduverse\\node_modules\\@esbuild\\openbsd-arm64'
71 silly reify ]
72 verbose reify failed optional dependency E:\Meduverse\Meduverse\Meduverse\node_modules\@esbuild\netbsd-x64
73 silly reify mark deleted [
73 silly reify   'E:\\Meduverse\\Meduverse\\Meduverse\\node_modules\\@esbuild\\netbsd-x64'
73 silly reify ]
74 verbose reify failed optional dependency E:\Meduverse\Meduverse\Meduverse\node_modules\@esbuild\netbsd-arm64
75 silly reify mark deleted [
75 silly reify   'E:\\Meduverse\\Meduverse\\Meduverse\\node_modules\\@esbuild\\netbsd-arm64'
75 silly reify ]
76 verbose reify failed optional dependency E:\Meduverse\Meduverse\Meduverse\node_modules\@esbuild\linux-x64
77 silly reify mark deleted [
77 silly reify   'E:\\Meduverse\\Meduverse\\Meduverse\\node_modules\\@esbuild\\linux-x64'
77 silly reify ]
78 verbose reify failed optional dependency E:\Meduverse\Meduverse\Meduverse\node_modules\@esbuild\linux-s390x
79 silly reify mark deleted [
79 silly reify   'E:\\Meduverse\\Meduverse\\Meduverse\\node_modules\\@esbuild\\linux-s390x'
79 silly reify ]
80 verbose reify failed optional dependency E:\Meduverse\Meduverse\Meduverse\node_modules\@esbuild\linux-riscv64
81 silly reify mark deleted [
81 silly reify   'E:\\Meduverse\\Meduverse\\Meduverse\\node_modules\\@esbuild\\linux-riscv64'
81 silly reify ]
82 verbose reify failed optional dependency E:\Meduverse\Meduverse\Meduverse\node_modules\@esbuild\linux-ppc64
83 silly reify mark deleted [
83 silly reify   'E:\\Meduverse\\Meduverse\\Meduverse\\node_modules\\@esbuild\\linux-ppc64'
83 silly reify ]
84 verbose reify failed optional dependency E:\Meduverse\Meduverse\Meduverse\node_modules\@esbuild\linux-mips64el
85 silly reify mark deleted [
85 silly reify   'E:\\Meduverse\\Meduverse\\Meduverse\\node_modules\\@esbuild\\linux-mips64el'
85 silly reify ]
86 verbose reify failed optional dependency E:\Meduverse\Meduverse\Meduverse\node_modules\@esbuild\linux-loong64
87 silly reify mark deleted [
87 silly reify   'E:\\Meduverse\\Meduverse\\Meduverse\\node_modules\\@esbuild\\linux-loong64'
87 silly reify ]
88 verbose reify failed optional dependency E:\Meduverse\Meduverse\Meduverse\node_modules\@esbuild\linux-ia32
89 silly reify mark deleted [
89 silly reify   'E:\\Meduverse\\Meduverse\\Meduverse\\node_modules\\@esbuild\\linux-ia32'
89 silly reify ]
90 verbose reify failed optional dependency E:\Meduverse\Meduverse\Meduverse\node_modules\@esbuild\linux-arm64
91 silly reify mark deleted [
91 silly reify   'E:\\Meduverse\\Meduverse\\Meduverse\\node_modules\\@esbuild\\linux-arm64'
91 silly reify ]
92 verbose reify failed optional dependency E:\Meduverse\Meduverse\Meduverse\node_modules\@esbuild\linux-arm
93 silly reify mark deleted [
93 silly reify   'E:\\Meduverse\\Meduverse\\Meduverse\\node_modules\\@esbuild\\linux-arm'
93 silly reify ]
94 verbose reify failed optional dependency E:\Meduverse\Meduverse\Meduverse\node_modules\@esbuild\freebsd-x64
95 silly reify mark deleted [
95 silly reify   'E:\\Meduverse\\Meduverse\\Meduverse\\node_modules\\@esbuild\\freebsd-x64'
95 silly reify ]
96 verbose reify failed optional dependency E:\Meduverse\Meduverse\Meduverse\node_modules\@esbuild\freebsd-arm64
97 silly reify mark deleted [
97 silly reify   'E:\\Meduverse\\Meduverse\\Meduverse\\node_modules\\@esbuild\\freebsd-arm64'
97 silly reify ]
98 verbose reify failed optional dependency E:\Meduverse\Meduverse\Meduverse\node_modules\@esbuild\darwin-x64
99 silly reify mark deleted [
99 silly reify   'E:\\Meduverse\\Meduverse\\Meduverse\\node_modules\\@esbuild\\darwin-x64'
99 silly reify ]
100 verbose reify failed optional dependency E:\Meduverse\Meduverse\Meduverse\node_modules\@esbuild\darwin-arm64
101 silly reify mark deleted [
101 silly reify   'E:\\Meduverse\\Meduverse\\Meduverse\\node_modules\\@esbuild\\darwin-arm64'
101 silly reify ]
102 verbose reify failed optional dependency E:\Meduverse\Meduverse\Meduverse\node_modules\@esbuild\android-x64
103 silly reify mark deleted [
103 silly reify   'E:\\Meduverse\\Meduverse\\Meduverse\\node_modules\\@esbuild\\android-x64'
103 silly reify ]
104 verbose reify failed optional dependency E:\Meduverse\Meduverse\Meduverse\node_modules\@esbuild\android-arm64
105 silly reify mark deleted [
105 silly reify   'E:\\Meduverse\\Meduverse\\Meduverse\\node_modules\\@esbuild\\android-arm64'
105 silly reify ]
106 verbose reify failed optional dependency E:\Meduverse\Meduverse\Meduverse\node_modules\@esbuild\android-arm
107 silly reify mark deleted [
107 silly reify   'E:\\Meduverse\\Meduverse\\Meduverse\\node_modules\\@esbuild\\android-arm'
107 silly reify ]
108 verbose reify failed optional dependency E:\Meduverse\Meduverse\Meduverse\node_modules\@esbuild\aix-ppc64
109 silly reify mark deleted [
109 silly reify   'E:\\Meduverse\\Meduverse\\Meduverse\\node_modules\\@esbuild\\aix-ppc64'
109 silly reify ]
110 http fetch POST 200 https://registry.npmjs.org/-/npm/v1/security/advisories/bulk 679ms
111 silly audit report {}
112 silly ADD
113 silly ADD
114 silly ADD
115 silly ADD
116 silly ADD
117 silly ADD
118 silly ADD
119 silly ADD
120 silly ADD
121 silly ADD
122 silly ADD
123 silly ADD
124 silly ADD
125 silly ADD
126 silly ADD
127 silly ADD
128 silly ADD
129 silly ADD
130 silly ADD
131 silly ADD
132 silly ADD
133 silly ADD
134 silly ADD
135 silly ADD
136 silly ADD
137 silly ADD
138 silly ADD
139 silly ADD
140 silly ADD
141 silly ADD
142 silly ADD
143 silly ADD
144 silly ADD
145 silly ADD
146 silly ADD
147 silly ADD
148 silly ADD
149 silly ADD
150 silly ADD
151 silly ADD
152 silly ADD
153 silly ADD
154 silly ADD
155 silly ADD
156 silly ADD
157 silly ADD
158 verbose cwd E:\Meduverse\Meduverse\Meduverse
159 verbose os Windows_NT 10.0.26200
160 verbose node v22.21.1
161 verbose npm  v10.9.4
162 verbose exit 0
163 info ok
