0 verbose cli C:\Program Files\nodejs\node.exe C:\Program Files\nodejs\node_modules\npm\bin\npm-cli.js
1 info using npm@10.9.4
2 info using node@v22.21.1
3 silly config load:file:C:\Program Files\nodejs\node_modules\npm\npmrc
4 silly config load:file:E:\Meduverse\.npmrc
5 silly config load:file:C:\Users\Sujal\.npmrc
6 silly config load:file:E:\Meduverse\%APPDATA%\npm\etc\npmrc
7 verbose title npm install
8 verbose argv "install"
9 verbose logfile logs-max:10 dir:E:\Meduverse\%APPDATA%\npm-cache\_logs\2025-11-29T09_01_58_872Z-
10 verbose logfile E:\Meduverse\%APPDATA%\npm-cache\_logs\2025-11-29T09_01_58_872Z-debug-0.log
11 silly logfile start cleaning logs, removing 1 files
12 silly packumentCache heap:4345298944 maxSize:1086324736 maxEntrySize:543162368
13 silly logfile done cleaning log files
14 silly idealTree buildDeps
15 silly reify moves {}
16 silly audit bulk request {
16 silly audit   '@react-leaflet/core': [ '1.1.1' ],
16 silly audit   'js-tokens': [ '4.0.0' ],
16 silly audit   leaflet: [ '1.9.4' ],
16 silly audit   'loose-envify': [ '1.4.0' ],
16 silly audit   'object-assign': [ '4.1.1' ],
16 silly audit   react: [ '17.0.2' ],
16 silly audit   'react-dom': [ '17.0.2' ],
16 silly audit   'react-leaflet': [ '3.2.5' ],
16 silly audit   scheduler: [ '0.20.2' ]
16 silly audit }
17 http fetch POST 200 https://registry.npmjs.org/-/npm/v1/security/advisories/bulk 630ms
18 silly audit report {}
19 verbose cwd E:\Meduverse
20 verbose os Windows_NT 10.0.26200
21 verbose node v22.21.1
22 verbose npm  v10.9.4
23 verbose exit 0
24 info ok
