0 verbose cli C:\Program Files\nodejs\node.exe C:\Program Files\nodejs\node_modules\npm\bin\npm-cli.js
1 info using npm@10.9.4
2 info using node@v22.21.1
3 silly config load:file:C:\Program Files\nodejs\node_modules\npm\npmrc
4 silly config load:file:E:\Meduverse\Meduverse\.npmrc
5 silly config load:file:C:\Users\Sujal\.npmrc
6 silly config load:file:E:\Meduverse\Meduverse\etc\npmrc
7 verbose title npm install react-leaflet leaflet
8 verbose argv "install" "react-leaflet" "leaflet" "--prefix" "Meduverse"
9 verbose logfile logs-max:10 dir:E:\Meduverse\%APPDATA%\npm-cache\_logs\2025-11-29T08_53_06_143Z-
10 verbose logfile E:\Meduverse\%APPDATA%\npm-cache\_logs\2025-11-29T08_53_06_143Z-debug-0.log
11 silly logfile start cleaning logs, removing 1 files
12 silly packumentCache heap:4345298944 maxSize:1086324736 maxEntrySize:543162368
13 silly logfile done cleaning log files
14 silly idealTree buildDeps
15 silly fetch manifest leaflet@^1.9.4
16 silly packumentCache full:https://registry.npmjs.org/leaflet cache-miss
17 http fetch GET 200 https://registry.npmjs.org/leaflet 829ms (cache revalidated)
18 silly packumentCache full:https://registry.npmjs.org/leaflet set size:146664 disposed:false
19 silly fetch manifest react-leaflet@^5.0.0
20 silly packumentCache full:https://registry.npmjs.org/react-leaflet cache-miss
21 http fetch GET 200 https://registry.npmjs.org/react-leaflet 301ms (cache revalidated)
22 silly packumentCache full:https://registry.npmjs.org/react-leaflet set size:472546 disposed:false
23 silly fetch manifest react@^19.0.0
24 silly packumentCache full:https://registry.npmjs.org/react cache-miss
25 http fetch GET 200 https://registry.npmjs.org/react 108ms (cache revalidated)
26 silly packumentCache full:https://registry.npmjs.org/react set size:6287832 disposed:false
27 silly fetch manifest react-dom@^19.0.0
28 silly packumentCache full:https://registry.npmjs.org/react-dom cache-miss
29 http fetch GET 200 https://registry.npmjs.org/react-dom 138ms (cache revalidated)
30 silly packumentCache full:https://registry.npmjs.org/react-dom set size:8246867 disposed:false
31 silly placeDep ROOT leaflet@1.9.4 REPLACE for:  want: ^1.9.4
32 silly placeDep ROOT react-leaflet@5.0.0 REPLACE for:  want: ^5.0.0
33 silly reify moves {}
34 silly audit bulk request {
34 silly audit   '@react-leaflet/core': [ '3.0.0' ],
34 silly audit   react: [ '19.2.0' ],
34 silly audit   'react-dom': [ '19.2.0' ],
34 silly audit   scheduler: [ '0.27.0' ],
34 silly audit   leaflet: [ '1.9.4' ],
34 silly audit   'react-leaflet': [ '5.0.0' ]
34 silly audit }
35 http fetch POST 200 https://registry.npmjs.org/-/npm/v1/security/advisories/bulk 411ms
36 silly audit report {}
37 verbose cwd E:\Meduverse
38 verbose os Windows_NT 10.0.26200
39 verbose node v22.21.1
40 verbose npm  v10.9.4
41 verbose exit 0
42 info ok
