0 verbose cli C:\Program Files\nodejs\node.exe C:\Program Files\nodejs\node_modules\npm\bin\npm-cli.js
1 info using npm@10.9.4
2 info using node@v22.21.1
3 silly config load:file:C:\Program Files\nodejs\node_modules\npm\npmrc
4 silly config load:file:E:\Meduverse\Meduverse\.npmrc
5 silly config load:file:C:\Users\Sujal\.npmrc
6 silly config load:file:E:\Meduverse\Meduverse\etc\npmrc
7 verbose title npm install react-leaflet leaflet
8 verbose argv "install" "react-leaflet" "leaflet" "--prefix" "Meduverse"
9 verbose logfile logs-max:10 dir:E:\Meduverse\%APPDATA%\npm-cache\_logs\2025-11-29T08_45_08_141Z-
10 verbose logfile E:\Meduverse\%APPDATA%\npm-cache\_logs\2025-11-29T08_45_08_141Z-debug-0.log
11 silly logfile start cleaning logs, removing 4 files
12 silly packumentCache heap:4345298944 maxSize:1086324736 maxEntrySize:543162368
13 silly idealTree buildDeps
14 silly fetch manifest react-leaflet@*
15 silly packumentCache full:https://registry.npmjs.org/react-leaflet cache-miss
16 silly logfile done cleaning log files
17 http fetch GET 200 https://registry.npmjs.org/react-leaflet 1563ms (cache miss)
18 silly packumentCache full:https://registry.npmjs.org/react-leaflet set size:undefined disposed:false
19 silly fetch manifest leaflet@*
20 silly packumentCache full:https://registry.npmjs.org/leaflet cache-miss
21 http fetch GET 200 https://registry.npmjs.org/leaflet 166ms (cache miss)
22 silly packumentCache full:https://registry.npmjs.org/leaflet set size:undefined disposed:false
23 silly fetch manifest react@^19.0.0
24 silly packumentCache full:https://registry.npmjs.org/react cache-miss
25 http fetch GET 200 https://registry.npmjs.org/react 2251ms (cache miss)
26 silly packumentCache full:https://registry.npmjs.org/react set size:undefined disposed:false
27 silly fetch manifest react-dom@^19.0.0
28 silly packumentCache full:https://registry.npmjs.org/react-dom cache-miss
29 http fetch GET 200 https://registry.npmjs.org/react-dom 1538ms (cache miss)
30 silly packumentCache full:https://registry.npmjs.org/react-dom set size:undefined disposed:false
31 silly placeDep ROOT leaflet@1.9.4 OK for:  want: *
32 silly placeDep ROOT react-leaflet@5.0.0 OK for:  want: *
33 silly placeDep ROOT react@19.2.0 OK for: react-leaflet@5.0.0 want: ^19.0.0
34 silly placeDep ROOT react-dom@19.2.0 OK for: react-leaflet@5.0.0 want: ^19.0.0
35 silly fetch manifest @react-leaflet/core@^3.0.0
36 silly packumentCache full:https://registry.npmjs.org/@react-leaflet%2fcore cache-miss
37 silly fetch manifest scheduler@^0.27.0
38 silly packumentCache full:https://registry.npmjs.org/scheduler cache-miss
39 http fetch GET 200 https://registry.npmjs.org/@react-leaflet%2fcore 545ms (cache miss)
40 silly packumentCache full:https://registry.npmjs.org/@react-leaflet%2fcore set size:undefined disposed:false
41 http fetch GET 200 https://registry.npmjs.org/scheduler 2008ms (cache miss)
42 silly packumentCache full:https://registry.npmjs.org/scheduler set size:undefined disposed:false
43 silly placeDep ROOT scheduler@0.27.0 OK for: react-dom@19.2.0 want: ^0.27.0
44 silly fetch manifest leaflet@^1.9.0
45 silly packumentCache full:https://registry.npmjs.org/leaflet cache-miss
46 http cache https://registry.npmjs.org/leaflet 7ms (cache hit)
47 silly packumentCache full:https://registry.npmjs.org/leaflet set size:146664 disposed:false
48 silly placeDep ROOT @react-leaflet/core@3.0.0 OK for: react-leaflet@5.0.0 want: ^3.0.0
49 silly reify moves {}
50 http cache @react-leaflet/core@https://registry.npmjs.org/@react-leaflet/core/-/core-3.0.0.tgz 0ms (cache hit)
51 http cache scheduler@https://registry.npmjs.org/scheduler/-/scheduler-0.27.0.tgz 0ms (cache hit)
52 http cache react-leaflet@https://registry.npmjs.org/react-leaflet/-/react-leaflet-5.0.0.tgz 0ms (cache hit)
53 http cache react@https://registry.npmjs.org/react/-/react-19.2.0.tgz 0ms (cache hit)
54 silly tarball no local data for @react-leaflet/core@https://registry.npmjs.org/@react-leaflet/core/-/core-3.0.0.tgz. Extracting by manifest.
55 silly tarball no local data for scheduler@https://registry.npmjs.org/scheduler/-/scheduler-0.27.0.tgz. Extracting by manifest.
56 silly tarball no local data for react-leaflet@https://registry.npmjs.org/react-leaflet/-/react-leaflet-5.0.0.tgz. Extracting by manifest.
57 silly tarball no local data for react@https://registry.npmjs.org/react/-/react-19.2.0.tgz. Extracting by manifest.
58 http cache leaflet@https://registry.npmjs.org/leaflet/-/leaflet-1.9.4.tgz 0ms (cache hit)
59 http cache react-dom@https://registry.npmjs.org/react-dom/-/react-dom-19.2.0.tgz 0ms (cache hit)
60 silly tarball no local data for leaflet@https://registry.npmjs.org/leaflet/-/leaflet-1.9.4.tgz. Extracting by manifest.
61 silly tarball no local data for react-dom@https://registry.npmjs.org/react-dom/-/react-dom-19.2.0.tgz. Extracting by manifest.
62 http fetch GET 200 https://registry.npmjs.org/scheduler/-/scheduler-0.27.0.tgz 101ms (cache miss)
63 http fetch GET 200 https://registry.npmjs.org/react/-/react-19.2.0.tgz 328ms (cache miss)
64 http fetch GET 200 https://registry.npmjs.org/react-leaflet/-/react-leaflet-5.0.0.tgz 598ms (cache miss)
65 http fetch GET 200 https://registry.npmjs.org/@react-leaflet/core/-/core-3.0.0.tgz 1488ms (cache miss)
66 http fetch GET 200 https://registry.npmjs.org/leaflet/-/leaflet-1.9.4.tgz 2953ms (cache miss)
67 http fetch GET 200 https://registry.npmjs.org/react-dom/-/react-dom-19.2.0.tgz 3234ms (cache miss)
68 silly ADD node_modules/@react-leaflet/core
69 silly ADD node_modules/scheduler
70 silly ADD node_modules/react-dom
71 silly ADD node_modules/react
72 silly ADD node_modules/react-leaflet
73 silly ADD node_modules/leaflet
74 verbose cwd E:\Meduverse
75 verbose os Windows_NT 10.0.26200
76 verbose node v22.21.1
77 verbose npm  v10.9.4
78 verbose exit 0
79 info ok
