0 verbose cli C:\Program Files\nodejs\node.exe C:\Program Files\nodejs\node_modules\npm\bin\npm-cli.js
1 info using npm@10.9.4
2 info using node@v22.21.1
3 silly config load:file:C:\Program Files\nodejs\node_modules\npm\npmrc
4 silly config load:file:E:\Meduverse\Meduverse\Meduverse\.npmrc
5 silly config load:file:C:\Users\Sujal\.npmrc
6 silly config load:file:E:\Meduverse\Meduverse\Meduverse\etc\npmrc
7 verbose title npm install
8 verbose argv "install" "--prefix" "Meduverse/Meduverse"
9 verbose logfile logs-max:10 dir:E:\Meduverse\%APPDATA%\npm-cache\_logs\2025-11-29T09_07_54_711Z-
10 verbose logfile E:\Meduverse\%APPDATA%\npm-cache\_logs\2025-11-29T09_07_54_711Z-debug-0.log
11 silly logfile start cleaning logs, removing 1 files
12 silly packumentCache heap:4345298944 maxSize:1086324736 maxEntrySize:543162368
13 silly logfile done cleaning log files
14 silly idealTree buildDeps
15 silly fetch manifest leaflet@^1.9.4
16 silly packumentCache full:https://registry.npmjs.org/leaflet cache-miss
17 http fetch GET 200 https://registry.npmjs.org/leaflet 339ms (cache revalidated)
18 silly packumentCache full:https://registry.npmjs.org/leaflet set size:146664 disposed:false
19 silly fetch manifest react-leaflet@^4.2.1
20 silly packumentCache full:https://registry.npmjs.org/react-leaflet cache-miss
21 http fetch GET 200 https://registry.npmjs.org/react-leaflet 115ms (cache revalidated)
22 silly packumentCache full:https://registry.npmjs.org/react-leaflet set size:472546 disposed:false
23 silly fetch manifest react@^18.2.0
24 silly packumentCache full:https://registry.npmjs.org/react cache-miss
25 http fetch GET 200 https://registry.npmjs.org/react 85ms (cache revalidated)
26 silly packumentCache full:https://registry.npmjs.org/react set size:6287832 disposed:false
27 silly fetch manifest react-dom@^18.2.0
28 silly packumentCache full:https://registry.npmjs.org/react-dom cache-miss
29 http fetch GET 200 https://registry.npmjs.org/react-dom 94ms (cache revalidated)
30 silly packumentCache full:https://registry.npmjs.org/react-dom set size:8246867 disposed:false
31 silly placeDep ROOT leaflet@1.9.4 OK for: meduverse-ai@1.0.0 want: ^1.9.4
32 silly placeDep ROOT react-leaflet@4.2.1 OK for: meduverse-ai@1.0.0 want: ^4.2.1
33 silly placeDep ROOT undefined@ OK for: meduverse-ai@1.0.0 want: file:../..
34 silly fetch manifest @react-leaflet/core@^2.1.0
35 silly packumentCache full:https://registry.npmjs.org/@react-leaflet%2fcore cache-miss
36 http fetch GET 200 https://registry.npmjs.org/@react-leaflet%2fcore 417ms (cache revalidated)
37 silly packumentCache full:https://registry.npmjs.org/@react-leaflet%2fcore set size:66182 disposed:false
38 silly fetch manifest leaflet@^1.9.0
39 silly packumentCache full:https://registry.npmjs.org/leaflet cache-hit
40 silly fetch manifest react@^18.0.0
41 silly packumentCache full:https://registry.npmjs.org/react cache-miss
42 http cache https://registry.npmjs.org/react 11ms (cache hit)
43 silly packumentCache full:https://registry.npmjs.org/react set size:6287832 disposed:false
44 silly fetch manifest react-dom@^18.0.0
45 silly packumentCache full:https://registry.npmjs.org/react-dom cache-miss
46 http cache https://registry.npmjs.org/react-dom 15ms (cache hit)
47 silly packumentCache full:https://registry.npmjs.org/react-dom set size:8246867 disposed:false
48 silly placeDep ROOT @react-leaflet/core@2.1.0 OK for: react-leaflet@4.2.1 want: ^2.1.0
49 silly reify moves {}
50 silly audit bulk request {
50 silly audit   '@alloc/quick-lru': [ '5.2.0' ],
50 silly audit   '@babel/code-frame': [ '7.27.1' ],
50 silly audit   '@babel/compat-data': [ '7.28.5' ],
50 silly audit   '@babel/core': [ '7.28.5' ],
50 silly audit   '@babel/generator': [ '7.28.5' ],
50 silly audit   '@babel/helper-compilation-targets': [ '7.27.2' ],
50 silly audit   '@babel/helper-globals': [ '7.28.0' ],
50 silly audit   '@babel/helper-module-imports': [ '7.27.1' ],
50 silly audit   '@babel/helper-module-transforms': [ '7.28.3' ],
50 silly audit   '@babel/helper-plugin-utils': [ '7.27.1' ],
50 silly audit   '@babel/helper-string-parser': [ '7.27.1' ],
50 silly audit   '@babel/helper-validator-identifier': [ '7.28.5' ],
50 silly audit   '@babel/helper-validator-option': [ '7.27.1' ],
50 silly audit   '@babel/helpers': [ '7.28.4' ],
50 silly audit   '@babel/parser': [ '7.28.5' ],
50 silly audit   '@babel/plugin-transform-react-jsx-self': [ '7.27.1' ],
50 silly audit   '@babel/plugin-transform-react-jsx-source': [ '7.27.1' ],
50 silly audit   '@babel/template': [ '7.27.2' ],
50 silly audit   '@babel/traverse': [ '7.28.5' ],
50 silly audit   '@babel/types': [ '7.28.5' ],
50 silly audit   '@emotion/is-prop-valid': [ '0.8.8' ],
50 silly audit   '@emotion/memoize': [ '0.7.4' ],
50 silly audit   '@esbuild/aix-ppc64': [ '0.25.12' ],
50 silly audit   '@esbuild/android-arm': [ '0.25.12' ],
50 silly audit   '@esbuild/android-arm64': [ '0.25.12' ],
50 silly audit   '@esbuild/android-x64': [ '0.25.12' ],
50 silly audit   '@esbuild/darwin-arm64': [ '0.25.12' ],
50 silly audit   '@esbuild/darwin-x64': [ '0.25.12' ],
50 silly audit   '@esbuild/freebsd-arm64': [ '0.25.12' ],
50 silly audit   '@esbuild/freebsd-x64': [ '0.25.12' ],
50 silly audit   '@esbuild/linux-arm': [ '0.25.12' ],
50 silly audit   '@esbuild/linux-arm64': [ '0.25.12' ],
50 silly audit   '@esbuild/linux-ia32': [ '0.25.12' ],
50 silly audit   '@esbuild/linux-loong64': [ '0.25.12' ],
50 silly audit   '@esbuild/linux-mips64el': [ '0.25.12' ],
50 silly audit   '@esbuild/linux-ppc64': [ '0.25.12' ],
50 silly audit   '@esbuild/linux-riscv64': [ '0.25.12' ],
50 silly audit   '@esbuild/linux-s390x': [ '0.25.12' ],
50 silly audit   '@esbuild/linux-x64': [ '0.25.12' ],
50 silly audit   '@esbuild/netbsd-arm64': [ '0.25.12' ],
50 silly audit   '@esbuild/netbsd-x64': [ '0.25.12' ],
50 silly audit   '@esbuild/openbsd-arm64': [ '0.25.12' ],
50 silly audit   '@esbuild/openbsd-x64': [ '0.25.12' ],
50 silly audit   '@esbuild/openharmony-arm64': [ '0.25.12' ],
50 silly audit   '@esbuild/sunos-x64': [ '0.25.12' ],
50 silly audit   '@esbuild/win32-arm64': [ '0.25.12' ],
50 silly audit   '@esbuild/win32-ia32': [ '0.25.12' ],
50 silly audit   '@esbuild/win32-x64': [ '0.25.12' ],
50 silly audit   '@isaacs/cliui': [ '8.0.2' ],
50 silly audit   '@jridgewell/gen-mapping': [ '0.3.13' ],
50 silly audit   '@jridgewell/remapping': [ '2.3.5' ],
50 silly audit   '@jridgewell/resolve-uri': [ '3.1.2' ],
50 silly audit   '@jridgewell/sourcemap-codec': [ '1.5.5' ],
50 silly audit   '@jridgewell/trace-mapping': [ '0.3.31' ],
50 silly audit   '@nodelib/fs.scandir': [ '2.1.5' ],
50 silly audit   '@nodelib/fs.stat': [ '2.0.5' ],
50 silly audit   '@nodelib/fs.walk': [ '1.2.8' ],
50 silly audit   '@pkgjs/parseargs': [ '0.11.0' ],
50 silly audit   '@radix-ui/react-compose-refs': [ '1.1.2' ],
50 silly audit   '@radix-ui/react-slot': [ '1.2.4' ],
50 silly audit   '@reduxjs/toolkit': [ '2.10.1' ],
50 silly audit   '@remix-run/router': [ '1.23.1' ],
50 silly audit   '@rolldown/pluginutils': [ '1.0.0-beta.27' ],
50 silly audit   '@rollup/rollup-android-arm-eabi': [ '4.53.2' ],
50 silly audit   '@rollup/rollup-android-arm64': [ '4.53.2' ],
50 silly audit   '@rollup/rollup-darwin-arm64': [ '4.53.2' ],
50 silly audit   '@rollup/rollup-darwin-x64': [ '4.53.2' ],
50 silly audit   '@rollup/rollup-freebsd-arm64': [ '4.53.2' ],
50 silly audit   '@rollup/rollup-freebsd-x64': [ '4.53.2' ],
50 silly audit   '@rollup/rollup-linux-arm-gnueabihf': [ '4.53.2' ],
50 silly audit   '@rollup/rollup-linux-arm-musleabihf': [ '4.53.2' ],
50 silly audit   '@rollup/rollup-linux-arm64-gnu': [ '4.53.2' ],
50 silly audit   '@rollup/rollup-linux-arm64-musl': [ '4.53.2' ],
50 silly audit   '@rollup/rollup-linux-loong64-gnu': [ '4.53.2' ],
50 silly audit   '@rollup/rollup-linux-ppc64-gnu': [ '4.53.2' ],
50 silly audit   '@rollup/rollup-linux-riscv64-gnu': [ '4.53.2' ],
50 silly audit   '@rollup/rollup-linux-riscv64-musl': [ '4.53.2' ],
50 silly audit   '@rollup/rollup-linux-s390x-gnu': [ '4.53.2' ],
50 silly audit   '@rollup/rollup-linux-x64-gnu': [ '4.53.2' ],
50 silly audit   '@rollup/rollup-linux-x64-musl': [ '4.53.2' ],
50 silly audit   '@rollup/rollup-openharmony-arm64': [ '4.53.2' ],
50 silly audit   '@rollup/rollup-win32-arm64-msvc': [ '4.53.2' ],
50 silly audit   '@rollup/rollup-win32-ia32-msvc': [ '4.53.2' ],
50 silly audit   '@rollup/rollup-win32-x64-gnu': [ '4.53.2' ],
50 silly audit   '@rollup/rollup-win32-x64-msvc': [ '4.53.2' ],
50 silly audit   '@standard-schema/spec': [ '1.0.0' ],
50 silly audit   '@standard-schema/utils': [ '0.3.0' ],
50 silly audit   '@tanstack/query-core': [ '4.41.0' ],
50 silly audit   '@tanstack/react-query': [ '4.42.0' ],
50 silly audit   '@types/babel__core': [ '7.20.5' ],
50 silly audit   '@types/babel__generator': [ '7.27.0' ],
50 silly audit   '@types/babel__template': [ '7.4.4' ],
50 silly audit   '@types/babel__traverse': [ '7.28.0' ],
50 silly audit   '@types/d3-array': [ '3.2.2' ],
50 silly audit   '@types/d3-color': [ '3.1.3' ],
50 silly audit   '@types/d3-ease': [ '3.0.2' ],
50 silly audit   '@types/d3-interpolate': [ '3.0.4' ],
50 silly audit   '@types/d3-path': [ '3.1.1' ],
50 silly audit   '@types/d3-scale': [ '4.0.9' ],
50 silly audit   '@types/d3-shape': [ '3.1.7' ],
50 silly audit   '@types/d3-time': [ '3.0.4' ],
50 silly audit   '@types/d3-timer': [ '3.0.2' ],
50 silly audit   '@types/estree': [ '1.0.8' ],
50 silly audit   '@types/use-sync-external-store': [ '0.0.6' ],
50 silly audit   '@vitejs/plugin-react': [ '4.7.0' ],
50 silly audit   'ansi-regex': [ '6.2.2', '5.0.1' ],
50 silly audit   'ansi-styles': [ '6.2.3', '4.3.0' ],
50 silly audit   'any-promise': [ '1.3.0' ],
50 silly audit   anymatch: [ '3.1.3' ],
50 silly audit   arg: [ '5.0.2' ],
50 silly audit   autoprefixer: [ '10.4.22' ],
50 silly audit   'balanced-match': [ '1.0.2' ],
50 silly audit   'baseline-browser-mapping': [ '2.8.29' ],
50 silly audit   'binary-extensions': [ '2.3.0' ],
50 silly audit   'brace-expansion': [ '2.0.2' ],
50 silly audit   braces: [ '3.0.3' ],
50 silly audit   browserslist: [ '4.28.0' ],
50 silly audit   'camelcase-css': [ '2.0.1' ],
50 silly audit   'caniuse-lite': [ '1.0.30001755' ],
50 silly audit   chokidar: [ '3.6.0' ],
50 silly audit   'glob-parent': [ '5.1.2', '6.0.2' ],
50 silly audit   'class-variance-authority': [ '0.7.1' ],
50 silly audit   clsx: [ '2.1.1' ],
50 silly audit   'color-convert': [ '2.0.1' ],
50 silly audit   'color-name': [ '1.1.4' ],
50 silly audit   commander: [ '4.1.1' ],
50 silly audit   'convert-source-map': [ '2.0.0' ],
50 silly audit   'cross-spawn': [ '7.0.6' ],
50 silly audit   cssesc: [ '3.0.0' ],
50 silly audit   'd3-array': [ '3.2.4' ],
50 silly audit   'd3-color': [ '3.1.0' ],
50 silly audit   'd3-ease': [ '3.0.1' ],
50 silly audit   'd3-format': [ '3.1.0' ],
50 silly audit   'd3-interpolate': [ '3.0.1' ],
50 silly audit   'd3-path': [ '3.1.0' ],
50 silly audit   'd3-scale': [ '4.0.2' ],
50 silly audit   'd3-shape': [ '3.2.0' ],
50 silly audit   'd3-time': [ '3.1.0' ],
50 silly audit   'd3-time-format': [ '4.1.0' ],
50 silly audit   'd3-timer': [ '3.0.1' ],
50 silly audit   'date-fns': [ '4.1.0' ],
50 silly audit   debug: [ '4.4.3' ],
50 silly audit   'decimal.js-light': [ '2.5.1' ],
50 silly audit   didyoumean: [ '1.2.2' ],
50 silly audit   dlv: [ '1.1.3' ],
50 silly audit   eastasianwidth: [ '0.2.0' ],
50 silly audit   'electron-to-chromium': [ '1.5.255' ],
50 silly audit   'emoji-regex': [ '9.2.2', '8.0.0' ],
50 silly audit   'es-toolkit': [ '1.42.0' ],
50 silly audit   esbuild: [ '0.25.12' ],
50 silly audit   escalade: [ '3.2.0' ],
50 silly audit   eventemitter3: [ '5.0.1' ],
50 silly audit   'fast-glob': [ '3.3.3' ],
50 silly audit   fastq: [ '1.19.1' ],
50 silly audit   'fill-range': [ '7.1.1' ],
50 silly audit   'foreground-child': [ '3.3.1' ],
50 silly audit   'fraction.js': [ '5.3.4' ],
50 silly audit   'framer-motion': [ '10.18.0' ],
50 silly audit   fsevents: [ '2.3.3' ],
50 silly audit   'function-bind': [ '1.1.2' ],
50 silly audit   gensync: [ '1.0.0-beta.2' ],
50 silly audit   glob: [ '10.5.0' ],
50 silly audit   hasown: [ '2.0.2' ],
50 silly audit   immer: [ '10.2.0' ],
50 silly audit   internmap: [ '2.0.3' ],
50 silly audit   'is-binary-path': [ '2.1.0' ],
50 silly audit   'is-core-module': [ '2.16.1' ],
50 silly audit   'is-extglob': [ '2.1.1' ],
50 silly audit   'is-fullwidth-code-point': [ '3.0.0' ],
50 silly audit   'is-glob': [ '4.0.3' ],
50 silly audit   'is-number': [ '7.0.0' ],
50 silly audit   isexe: [ '2.0.0' ],
50 silly audit   jackspeak: [ '3.4.3' ],
50 silly audit   jiti: [ '1.21.7' ],
50 silly audit   'js-tokens': [ '4.0.0' ],
50 silly audit   jsesc: [ '3.1.0' ],
50 silly audit   json5: [ '2.2.3' ],
50 silly audit   lilconfig: [ '3.1.3' ],
50 silly audit   'lines-and-columns': [ '1.2.4' ],
50 silly audit   'loose-envify': [ '1.4.0' ],
50 silly audit   'lru-cache': [ '5.1.1', '10.4.3' ],
50 silly audit   'lucide-react': [ '0.263.1' ],
50 silly audit   merge2: [ '1.4.1' ],
50 silly audit   micromatch: [ '4.0.8' ],
50 silly audit   minimatch: [ '9.0.5' ],
50 silly audit   minipass: [ '7.1.2' ],
50 silly audit   ms: [ '2.1.3' ],
50 silly audit   mz: [ '2.7.0' ],
50 silly audit   nanoid: [ '3.3.11' ],
50 silly audit   'node-releases': [ '2.0.27' ],
50 silly audit   'normalize-path': [ '3.0.0' ],
50 silly audit   'normalize-range': [ '0.1.2' ],
50 silly audit   'object-assign': [ '4.1.1' ],
50 silly audit   'object-hash': [ '3.0.0' ],
50 silly audit   'package-json-from-dist': [ '1.0.1' ],
50 silly audit   'path-key': [ '3.1.1' ],
50 silly audit   'path-parse': [ '1.0.7' ],
50 silly audit   'path-scurry': [ '1.11.1' ],
50 silly audit   picocolors: [ '1.1.1' ],
50 silly audit   picomatch: [ '2.3.1', '4.0.3' ],
50 silly audit   pify: [ '2.3.0' ],
50 silly audit   pirates: [ '4.0.7' ],
50 silly audit   postcss: [ '8.5.6' ],
50 silly audit   'postcss-import': [ '15.1.0' ],
50 silly audit   'postcss-js': [ '4.1.0' ],
50 silly audit   'postcss-load-config': [ '6.0.1' ],
50 silly audit   'postcss-nested': [ '6.2.0' ],
50 silly audit   'postcss-selector-parser': [ '6.1.2' ],
50 silly audit   'postcss-value-parser': [ '4.2.0' ],
50 silly audit   'queue-microtask': [ '1.2.3' ],
50 silly audit   react: [ '18.3.1' ],
50 silly audit   'react-dom': [ '18.3.1' ],
50 silly audit   'react-is': [ '19.2.0' ],
50 silly audit   'react-redux': [ '9.2.0' ],
50 silly audit   'react-refresh': [ '0.17.0' ],
50 silly audit   'react-router': [ '6.30.2' ],
50 silly audit   'react-router-dom': [ '6.30.2' ],
50 silly audit   'read-cache': [ '1.0.0' ],
50 silly audit   readdirp: [ '3.6.0' ],
50 silly audit   recharts: [ '3.4.1' ],
50 silly audit   redux: [ '5.0.1' ],
50 silly audit   'redux-thunk': [ '3.1.0' ],
50 silly audit   reselect: [ '5.1.1' ],
50 silly audit   resolve: [ '1.22.11' ],
50 silly audit   reusify: [ '1.1.0' ],
50 silly audit   rollup: [ '4.53.2' ],
50 silly audit   'run-parallel': [ '1.2.0' ],
50 silly audit   scheduler: [ '0.23.2' ],
50 silly audit   semver: [ '6.3.1' ],
50 silly audit   'shebang-command': [ '2.0.0' ],
50 silly audit   'shebang-regex': [ '3.0.0' ],
50 silly audit   'signal-exit': [ '4.1.0' ],
50 silly audit   'source-map-js': [ '1.2.1' ],
50 silly audit   'string-width': [ '5.1.2', '4.2.3' ],
50 silly audit   'strip-ansi': [ '6.0.1', '7.1.2' ],
50 silly audit   sucrase: [ '3.35.0' ],
50 silly audit   'supports-preserve-symlinks-flag': [ '1.0.0' ],
50 silly audit   'tailwind-merge': [ '1.14.0' ],
50 silly audit   tailwindcss: [ '3.4.18' ],
50 silly audit   thenify: [ '3.3.1' ],
50 silly audit   'thenify-all': [ '1.6.0' ],
50 silly audit   'tiny-invariant': [ '1.3.3' ],
50 silly audit   tinyglobby: [ '0.2.15' ],
50 silly audit   fdir: [ '6.5.0' ],
50 silly audit   'to-regex-range': [ '5.0.1' ],
50 silly audit   'ts-interface-checker': [ '0.1.13' ],
50 silly audit   tslib: [ '2.8.1' ],
50 silly audit   'update-browserslist-db': [ '1.1.4' ],
50 silly audit   'use-sync-external-store': [ '1.6.0' ],
50 silly audit   'util-deprecate': [ '1.0.2' ],
50 silly audit   'victory-vendor': [ '37.3.6' ],
50 silly audit   vite: [ '7.2.2' ],
50 silly audit   which: [ '2.0.2' ],
50 silly audit   'wrap-ansi': [ '8.1.0', '7.0.0' ],
50 silly audit   yallist: [ '3.1.1' ],
50 silly audit   leaflet: [ '1.9.4' ],
50 silly audit   'react-leaflet': [ '4.2.1' ],
50 silly audit   '@react-leaflet/core': [ '2.1.0' ]
50 silly audit }
51 verbose reify failed optional dependency E:\Meduverse\Meduverse\Meduverse\node_modules\fsevents
52 silly reify mark deleted [ 'E:\\Meduverse\\Meduverse\\Meduverse\\node_modules\\fsevents' ]
53 verbose reify failed optional dependency E:\Meduverse\Meduverse\Meduverse\node_modules\@rollup\rollup-win32-ia32-msvc
54 silly reify mark deleted [
54 silly reify   'E:\\Meduverse\\Meduverse\\Meduverse\\node_modules\\@rollup\\rollup-win32-ia32-msvc'
54 silly reify ]
55 verbose reify failed optional dependency E:\Meduverse\Meduverse\Meduverse\node_modules\@rollup\rollup-win32-arm64-msvc
56 silly reify mark deleted [
56 silly reify   'E:\\Meduverse\\Meduverse\\Meduverse\\node_modules\\@rollup\\rollup-win32-arm64-msvc'
56 silly reify ]
57 verbose reify failed optional dependency E:\Meduverse\Meduverse\Meduverse\node_modules\@rollup\rollup-openharmony-arm64
58 silly reify mark deleted [
58 silly reify   'E:\\Meduverse\\Meduverse\\Meduverse\\node_modules\\@rollup\\rollup-openharmony-arm64'
58 silly reify ]
59 verbose reify failed optional dependency E:\Meduverse\Meduverse\Meduverse\node_modules\@rollup\rollup-linux-x64-musl
60 silly reify mark deleted [
60 silly reify   'E:\\Meduverse\\Meduverse\\Meduverse\\node_modules\\@rollup\\rollup-linux-x64-musl'
60 silly reify ]
61 verbose reify failed optional dependency E:\Meduverse\Meduverse\Meduverse\node_modules\@rollup\rollup-linux-x64-gnu
62 silly reify mark deleted [
62 silly reify   'E:\\Meduverse\\Meduverse\\Meduverse\\node_modules\\@rollup\\rollup-linux-x64-gnu'
62 silly reify ]
63 verbose reify failed optional dependency E:\Meduverse\Meduverse\Meduverse\node_modules\@rollup\rollup-linux-s390x-gnu
64 silly reify mark deleted [
64 silly reify   'E:\\Meduverse\\Meduverse\\Meduverse\\node_modules\\@rollup\\rollup-linux-s390x-gnu'
64 silly reify ]
65 verbose reify failed optional dependency E:\Meduverse\Meduverse\Meduverse\node_modules\@rollup\rollup-linux-riscv64-musl
66 silly reify mark deleted [
66 silly reify   'E:\\Meduverse\\Meduverse\\Meduverse\\node_modules\\@rollup\\rollup-linux-riscv64-musl'
66 silly reify ]
67 verbose reify failed optional dependency E:\Meduverse\Meduverse\Meduverse\node_modules\@rollup\rollup-linux-riscv64-gnu
68 silly reify mark deleted [
68 silly reify   'E:\\Meduverse\\Meduverse\\Meduverse\\node_modules\\@rollup\\rollup-linux-riscv64-gnu'
68 silly reify ]
69 verbose reify failed optional dependency E:\Meduverse\Meduverse\Meduverse\node_modules\@rollup\rollup-linux-ppc64-gnu
70 silly reify mark deleted [
70 silly reify   'E:\\Meduverse\\Meduverse\\Meduverse\\node_modules\\@rollup\\rollup-linux-ppc64-gnu'
70 silly reify ]
71 verbose reify failed optional dependency E:\Meduverse\Meduverse\Meduverse\node_modules\@rollup\rollup-linux-loong64-gnu
72 silly reify mark deleted [
72 silly reify   'E:\\Meduverse\\Meduverse\\Meduverse\\node_modules\\@rollup\\rollup-linux-loong64-gnu'
72 silly reify ]
73 verbose reify failed optional dependency E:\Meduverse\Meduverse\Meduverse\node_modules\@rollup\rollup-linux-arm64-musl
74 silly reify mark deleted [
74 silly reify   'E:\\Meduverse\\Meduverse\\Meduverse\\node_modules\\@rollup\\rollup-linux-arm64-musl'
74 silly reify ]
75 verbose reify failed optional dependency E:\Meduverse\Meduverse\Meduverse\node_modules\@rollup\rollup-linux-arm64-gnu
76 silly reify mark deleted [
76 silly reify   'E:\\Meduverse\\Meduverse\\Meduverse\\node_modules\\@rollup\\rollup-linux-arm64-gnu'
76 silly reify ]
77 verbose reify failed optional dependency E:\Meduverse\Meduverse\Meduverse\node_modules\@rollup\rollup-linux-arm-musleabihf
78 silly reify mark deleted [
78 silly reify   'E:\\Meduverse\\Meduverse\\Meduverse\\node_modules\\@rollup\\rollup-linux-arm-musleabihf'
78 silly reify ]
79 verbose reify failed optional dependency E:\Meduverse\Meduverse\Meduverse\node_modules\@rollup\rollup-linux-arm-gnueabihf
80 silly reify mark deleted [
80 silly reify   'E:\\Meduverse\\Meduverse\\Meduverse\\node_modules\\@rollup\\rollup-linux-arm-gnueabihf'
80 silly reify ]
81 verbose reify failed optional dependency E:\Meduverse\Meduverse\Meduverse\node_modules\@rollup\rollup-freebsd-x64
82 silly reify mark deleted [
82 silly reify   'E:\\Meduverse\\Meduverse\\Meduverse\\node_modules\\@rollup\\rollup-freebsd-x64'
82 silly reify ]
83 verbose reify failed optional dependency E:\Meduverse\Meduverse\Meduverse\node_modules\@rollup\rollup-freebsd-arm64
84 silly reify mark deleted [
84 silly reify   'E:\\Meduverse\\Meduverse\\Meduverse\\node_modules\\@rollup\\rollup-freebsd-arm64'
84 silly reify ]
85 verbose reify failed optional dependency E:\Meduverse\Meduverse\Meduverse\node_modules\@rollup\rollup-darwin-x64
86 silly reify mark deleted [
86 silly reify   'E:\\Meduverse\\Meduverse\\Meduverse\\node_modules\\@rollup\\rollup-darwin-x64'
86 silly reify ]
87 verbose reify failed optional dependency E:\Meduverse\Meduverse\Meduverse\node_modules\@rollup\rollup-darwin-arm64
88 silly reify mark deleted [
88 silly reify   'E:\\Meduverse\\Meduverse\\Meduverse\\node_modules\\@rollup\\rollup-darwin-arm64'
88 silly reify ]
89 verbose reify failed optional dependency E:\Meduverse\Meduverse\Meduverse\node_modules\@rollup\rollup-android-arm64
90 silly reify mark deleted [
90 silly reify   'E:\\Meduverse\\Meduverse\\Meduverse\\node_modules\\@rollup\\rollup-android-arm64'
90 silly reify ]
91 verbose reify failed optional dependency E:\Meduverse\Meduverse\Meduverse\node_modules\@rollup\rollup-android-arm-eabi
92 silly reify mark deleted [
92 silly reify   'E:\\Meduverse\\Meduverse\\Meduverse\\node_modules\\@rollup\\rollup-android-arm-eabi'
92 silly reify ]
93 verbose reify failed optional dependency E:\Meduverse\Meduverse\Meduverse\node_modules\@esbuild\win32-ia32
94 silly reify mark deleted [
94 silly reify   'E:\\Meduverse\\Meduverse\\Meduverse\\node_modules\\@esbuild\\win32-ia32'
94 silly reify ]
95 verbose reify failed optional dependency E:\Meduverse\Meduverse\Meduverse\node_modules\@esbuild\win32-arm64
96 silly reify mark deleted [
96 silly reify   'E:\\Meduverse\\Meduverse\\Meduverse\\node_modules\\@esbuild\\win32-arm64'
96 silly reify ]
97 verbose reify failed optional dependency E:\Meduverse\Meduverse\Meduverse\node_modules\@esbuild\sunos-x64
98 silly reify mark deleted [
98 silly reify   'E:\\Meduverse\\Meduverse\\Meduverse\\node_modules\\@esbuild\\sunos-x64'
98 silly reify ]
99 verbose reify failed optional dependency E:\Meduverse\Meduverse\Meduverse\node_modules\@esbuild\openharmony-arm64
100 silly reify mark deleted [
100 silly reify   'E:\\Meduverse\\Meduverse\\Meduverse\\node_modules\\@esbuild\\openharmony-arm64'
100 silly reify ]
101 verbose reify failed optional dependency E:\Meduverse\Meduverse\Meduverse\node_modules\@esbuild\openbsd-x64
102 silly reify mark deleted [
102 silly reify   'E:\\Meduverse\\Meduverse\\Meduverse\\node_modules\\@esbuild\\openbsd-x64'
102 silly reify ]
103 verbose reify failed optional dependency E:\Meduverse\Meduverse\Meduverse\node_modules\@esbuild\openbsd-arm64
104 silly reify mark deleted [
104 silly reify   'E:\\Meduverse\\Meduverse\\Meduverse\\node_modules\\@esbuild\\openbsd-arm64'
104 silly reify ]
105 verbose reify failed optional dependency E:\Meduverse\Meduverse\Meduverse\node_modules\@esbuild\netbsd-x64
106 silly reify mark deleted [
106 silly reify   'E:\\Meduverse\\Meduverse\\Meduverse\\node_modules\\@esbuild\\netbsd-x64'
106 silly reify ]
107 verbose reify failed optional dependency E:\Meduverse\Meduverse\Meduverse\node_modules\@esbuild\netbsd-arm64
108 silly reify mark deleted [
108 silly reify   'E:\\Meduverse\\Meduverse\\Meduverse\\node_modules\\@esbuild\\netbsd-arm64'
108 silly reify ]
109 verbose reify failed optional dependency E:\Meduverse\Meduverse\Meduverse\node_modules\@esbuild\linux-x64
110 silly reify mark deleted [
110 silly reify   'E:\\Meduverse\\Meduverse\\Meduverse\\node_modules\\@esbuild\\linux-x64'
110 silly reify ]
111 verbose reify failed optional dependency E:\Meduverse\Meduverse\Meduverse\node_modules\@esbuild\linux-s390x
112 silly reify mark deleted [
112 silly reify   'E:\\Meduverse\\Meduverse\\Meduverse\\node_modules\\@esbuild\\linux-s390x'
112 silly reify ]
113 verbose reify failed optional dependency E:\Meduverse\Meduverse\Meduverse\node_modules\@esbuild\linux-riscv64
114 silly reify mark deleted [
114 silly reify   'E:\\Meduverse\\Meduverse\\Meduverse\\node_modules\\@esbuild\\linux-riscv64'
114 silly reify ]
115 verbose reify failed optional dependency E:\Meduverse\Meduverse\Meduverse\node_modules\@esbuild\linux-ppc64
116 silly reify mark deleted [
116 silly reify   'E:\\Meduverse\\Meduverse\\Meduverse\\node_modules\\@esbuild\\linux-ppc64'
116 silly reify ]
117 verbose reify failed optional dependency E:\Meduverse\Meduverse\Meduverse\node_modules\@esbuild\linux-mips64el
118 silly reify mark deleted [
118 silly reify   'E:\\Meduverse\\Meduverse\\Meduverse\\node_modules\\@esbuild\\linux-mips64el'
118 silly reify ]
119 verbose reify failed optional dependency E:\Meduverse\Meduverse\Meduverse\node_modules\@esbuild\linux-loong64
120 silly reify mark deleted [
120 silly reify   'E:\\Meduverse\\Meduverse\\Meduverse\\node_modules\\@esbuild\\linux-loong64'
120 silly reify ]
121 verbose reify failed optional dependency E:\Meduverse\Meduverse\Meduverse\node_modules\@esbuild\linux-ia32
122 silly reify mark deleted [
122 silly reify   'E:\\Meduverse\\Meduverse\\Meduverse\\node_modules\\@esbuild\\linux-ia32'
122 silly reify ]
123 verbose reify failed optional dependency E:\Meduverse\Meduverse\Meduverse\node_modules\@esbuild\linux-arm64
124 silly reify mark deleted [
124 silly reify   'E:\\Meduverse\\Meduverse\\Meduverse\\node_modules\\@esbuild\\linux-arm64'
124 silly reify ]
125 verbose reify failed optional dependency E:\Meduverse\Meduverse\Meduverse\node_modules\@esbuild\linux-arm
126 silly reify mark deleted [
126 silly reify   'E:\\Meduverse\\Meduverse\\Meduverse\\node_modules\\@esbuild\\linux-arm'
126 silly reify ]
127 verbose reify failed optional dependency E:\Meduverse\Meduverse\Meduverse\node_modules\@esbuild\freebsd-x64
128 silly reify mark deleted [
128 silly reify   'E:\\Meduverse\\Meduverse\\Meduverse\\node_modules\\@esbuild\\freebsd-x64'
128 silly reify ]
129 verbose reify failed optional dependency E:\Meduverse\Meduverse\Meduverse\node_modules\@esbuild\freebsd-arm64
130 silly reify mark deleted [
130 silly reify   'E:\\Meduverse\\Meduverse\\Meduverse\\node_modules\\@esbuild\\freebsd-arm64'
130 silly reify ]
131 verbose reify failed optional dependency E:\Meduverse\Meduverse\Meduverse\node_modules\@esbuild\darwin-x64
132 silly reify mark deleted [
132 silly reify   'E:\\Meduverse\\Meduverse\\Meduverse\\node_modules\\@esbuild\\darwin-x64'
132 silly reify ]
133 verbose reify failed optional dependency E:\Meduverse\Meduverse\Meduverse\node_modules\@esbuild\darwin-arm64
134 silly reify mark deleted [
134 silly reify   'E:\\Meduverse\\Meduverse\\Meduverse\\node_modules\\@esbuild\\darwin-arm64'
134 silly reify ]
135 verbose reify failed optional dependency E:\Meduverse\Meduverse\Meduverse\node_modules\@esbuild\android-x64
136 silly reify mark deleted [
136 silly reify   'E:\\Meduverse\\Meduverse\\Meduverse\\node_modules\\@esbuild\\android-x64'
136 silly reify ]
137 verbose reify failed optional dependency E:\Meduverse\Meduverse\Meduverse\node_modules\@esbuild\android-arm64
138 silly reify mark deleted [
138 silly reify   'E:\\Meduverse\\Meduverse\\Meduverse\\node_modules\\@esbuild\\android-arm64'
138 silly reify ]
139 verbose reify failed optional dependency E:\Meduverse\Meduverse\Meduverse\node_modules\@esbuild\android-arm
140 silly reify mark deleted [
140 silly reify   'E:\\Meduverse\\Meduverse\\Meduverse\\node_modules\\@esbuild\\android-arm'
140 silly reify ]
141 verbose reify failed optional dependency E:\Meduverse\Meduverse\Meduverse\node_modules\@esbuild\aix-ppc64
142 silly reify mark deleted [
142 silly reify   'E:\\Meduverse\\Meduverse\\Meduverse\\node_modules\\@esbuild\\aix-ppc64'
142 silly reify ]
143 http cache @react-leaflet/core@https://registry.npmjs.org/@react-leaflet/core/-/core-2.1.0.tgz 0ms (cache hit)
144 silly tarball no local data for @react-leaflet/core@https://registry.npmjs.org/@react-leaflet/core/-/core-2.1.0.tgz. Extracting by manifest.
145 http cache react-leaflet@https://registry.npmjs.org/react-leaflet/-/react-leaflet-4.2.1.tgz 1ms (cache hit)
146 http cache leaflet@https://registry.npmjs.org/leaflet/-/leaflet-1.9.4.tgz 0ms (cache hit)
147 silly tarball no local data for react-leaflet@https://registry.npmjs.org/react-leaflet/-/react-leaflet-4.2.1.tgz. Extracting by manifest.
148 http fetch POST 200 https://registry.npmjs.org/-/npm/v1/security/advisories/bulk 401ms
149 silly audit report {}
150 http fetch GET 200 https://registry.npmjs.org/react-leaflet/-/react-leaflet-4.2.1.tgz 418ms (cache miss)
151 http fetch GET 200 https://registry.npmjs.org/@react-leaflet/core/-/core-2.1.0.tgz 441ms (cache miss)
152 verbose stack TypeError: Cannot read properties of undefined (reading 'spec')
152 verbose stack     at updateNodes (C:\Program Files\nodejs\node_modules\npm\node_modules\@npmcli\arborist\lib\arborist\reify.js:1302:44)
152 verbose stack     at [saveIdealTree] (C:\Program Files\nodejs\node_modules\npm\node_modules\@npmcli\arborist\lib\arborist\reify.js:1471:11)
152 verbose stack     at Arborist.reify (C:\Program Files\nodejs\node_modules\npm\node_modules\@npmcli\arborist\lib\arborist\reify.js:148:31)
152 verbose stack     at async Install.exec (C:\Program Files\nodejs\node_modules\npm\lib\commands\install.js:150:5)
152 verbose stack     at async Npm.exec (C:\Program Files\nodejs\node_modules\npm\lib\npm.js:207:9)
152 verbose stack     at async module.exports (C:\Program Files\nodejs\node_modules\npm\lib\cli\entry.js:74:5)
153 error Cannot read properties of undefined (reading 'spec')
154 silly unfinished npm timer reify 1764407275040
155 silly unfinished npm timer reify:save 1764407276796
156 verbose cwd E:\Meduverse
157 verbose os Windows_NT 10.0.26200
158 verbose node v22.21.1
159 verbose npm  v10.9.4
160 verbose exit 1
161 verbose code 1
162 error A complete log of this run can be found in: E:\Meduverse\%APPDATA%\npm-cache\_logs\2025-11-29T09_07_54_711Z-debug-0.log
